1.205393505689353333e+02 1.042033906250000000e+05 8.913338661193847656e+00
1.205597850791891688e+02 1.041971875000000000e+05 8.912982940673828125e+00
1.205802194894422428e+02 1.041861093750000000e+05 8.912581443786621094e+00
1.206006540996895637e+02 1.041976484375000000e+05 8.912974357604980469e+00
1.206210886098269839e+02 1.041961484375000000e+05 8.913003921508789062e+00
1.206415230198472273e+02 1.041915703125000000e+05 8.912779808044433594e+00
1.206619575298609561e+02 1.041923984375000000e+05 8.912852287292480469e+00
1.206823921398827224e+02 1.041959843750000000e+05 8.913049697875976562e+00
1.207028265497865505e+02 1.041668750000000000e+05 8.912024497985839844e+00
1.207232610596838640e+02 1.041989296875000000e+05 8.912969589233398438e+00
1.207436956694727996e+02 1.041864453125000000e+05 8.911178588867187500e+00
1.207641300792602124e+02 1.041861093750000000e+05 8.912800788879394531e+00
1.207845645889246953e+02 1.042181953125000000e+05 8.913780212402343750e+00
1.208049990985964541e+02 1.041874296875000000e+05 8.909680366516113281e+00
1.208254336082682130e+02 1.041765156250000000e+05 8.910903930664062500e+00
1.208458681178162806e+02 1.041801640625000000e+05 8.909462928771972656e+00
1.208663026272552088e+02 1.041626328125000000e+05 8.908859252929687500e+00
1.208867372366948985e+02 1.041806640625000000e+05 8.909662246704101562e+00
1.209071716461257893e+02 1.041892343750000000e+05 8.910361289978027344e+00
1.209276061554483022e+02 1.041811484375000000e+05 8.909578323364257812e+00
1.209480407647643005e+02 1.041878125000000000e+05 8.909873008728027344e+00
1.209684751739696367e+02 1.041876171875000000e+05 8.909700393676757812e+00
1.209889096831757342e+02 1.041902343750000000e+05 8.909775733947753906e+00
1.210093440923810704e+02 1.041742187500000000e+05 8.909369468688964844e+00
1.210297787014642381e+02 1.041905312500000000e+05 8.909893989562988281e+00
1.210502132104375050e+02 1.041830312500000000e+05 8.909676551818847656e+00
1.210706477194107720e+02 1.041801640625000000e+05 8.909498214721679688e+00
1.210910822283767629e+02 1.041782734375000000e+05 8.909457206726074219e+00
1.211115167372336145e+02 1.041823593750000000e+05 8.909785270690917969e+00
1.211319512459740508e+02 1.041839218750000000e+05 8.909760475158691406e+00
1.211523856547064497e+02 1.041667890625000000e+05 8.908981323242187500e+00
1.211728202634476474e+02 1.041935546875000000e+05 8.909989356994628906e+00
1.211932547720716684e+02 1.041717500000000000e+05 8.909276962280273438e+00
1.212136891806876520e+02 1.041782968750000000e+05 8.909467697143554688e+00
1.212341237893124344e+02 1.041768593750000000e+05 8.909425735473632812e+00
1.212545582977036247e+02 1.041849375000000000e+05 8.909689903259277344e+00
1.212749927062031929e+02 1.041810390625000000e+05 8.909600257873535156e+00
1.212954272145943833e+02 1.041726250000000000e+05 8.909171104431152344e+00
1.213158618228699197e+02 1.041991562500000000e+05 8.913068771362304688e+00
1.213362963311374187e+02 1.041934140625000000e+05 8.909898757934570312e+00
1.213567307392950170e+02 1.041850390625000000e+05 8.912523269653320312e+00
1.213771653475705534e+02 1.041883281250000000e+05 8.909727096557617188e+00
1.213975998556052218e+02 1.041664531250000000e+05 8.909894943237304688e+00
1.214180342636464047e+02 1.042048359375000000e+05 8.913288116455078125e+00
1.214384687716883491e+02 1.041555312500000000e+05 8.909615516662597656e+00
1.214589033796073636e+02 1.042030234375000000e+05 8.913192749023437500e+00
1.214793377874157159e+02 1.041899687500000000e+05 8.912703514099121094e+00
1.214997722952248296e+02 1.041835703125000000e+05 8.912500381469726562e+00
1.215202068030266673e+02 1.041839062500000000e+05 8.912479400634765625e+00
1.215406414107201272e+02 1.041814843750000000e+05 8.912379264831542969e+00
1.215610759184128256e+02 1.042143046875000000e+05 8.913547515869140625e+00
1.215815103259810712e+02 1.041856796875000000e+05 8.912994384765625000e+00
1.216019449335581157e+02 1.041962968750000000e+05 8.912909507751464844e+00
1.216223794410179835e+02 1.041982187500000000e+05 8.912892341613769531e+00
1.216428138484698138e+02 1.041814921875000000e+05 8.912357330322265625e+00
1.216632483558132662e+02 1.041937031250000000e+05 8.912684440612792969e+00
1.216836829631574801e+02 1.041888750000000000e+05 8.912666320800781250e+00
1.217041173703764798e+02 1.041793906250000000e+05 8.912295341491699219e+00
1.217245518776035169e+02 1.041858281250000000e+05 8.912461280822753906e+00
1.217449864847149001e+02 1.041913515625000000e+05 8.912662506103515625e+00
1.217654208918174845e+02 1.042033515625000000e+05 8.913099288940429688e+00
1.217858553988116910e+02 1.041836406250000000e+05 8.912398338317871094e+00
1.218062899058058974e+02 1.041789843750000000e+05 8.912227630615234375e+00
1.218267244127928279e+02 1.041855781250000000e+05 8.912364006042480469e+00
1.218471589195542037e+02 1.041867812500000000e+05 8.912427902221679688e+00
1.218675934264319949e+02 1.041910781250000000e+05 8.912548065185546875e+00
1.218880279331860947e+02 1.041834531250000000e+05 8.912396430969238281e+00
1.219084624398310552e+02 1.041890156250000000e+05 8.912621498107910156e+00
1.219288969464760157e+02 1.041904453125000000e+05 8.912495613098144531e+00
1.219493313529965235e+02 1.042001093750000000e+05 8.912817001342773438e+00
1.219697659595258301e+02 1.041757187500000000e+05 8.912005424499511719e+00
1.219902004659379600e+02 1.041867812500000000e+05 8.912394523620605469e+00
1.220106348723493284e+02 1.041992890625000000e+05 8.912822723388671875e+00
1.220310694787549437e+02 1.041971562500000000e+05 8.912717819213867188e+00
1.220515039850506582e+02 1.042108125000000000e+05 8.913254737854003906e+00
1.220719384912226815e+02 1.041729062500000000e+05 8.911894798278808594e+00
1.220923728974012192e+02 1.041611171875000000e+05 8.911469459533691406e+00
1.221128075034648646e+02 1.041921328125000000e+05 8.912564277648925781e+00
1.221332420095204725e+02 1.041868750000000000e+05 8.912320137023925781e+00
1.221536764154661796e+02 1.041828359375000000e+05 8.912491798400878906e+00
1.221741110214134096e+02 1.041850781250000000e+05 8.912503242492675781e+00
1.221945455272361869e+02 1.041902031250000000e+05 8.912528038024902344e+00
1.222149799330654787e+02 1.042176796875000000e+05 8.913359642028808594e+00
1.222354144388955319e+02 1.041783671875000000e+05 8.912071228027343750e+00
1.222558490444862400e+02 1.041920000000000000e+05 8.912578582763671875e+00
1.222762834501991165e+02 1.041918984375000000e+05 8.912582397460937500e+00
1.222967179556799238e+02 1.041716484375000000e+05 8.911832809448242188e+00
1.223171525612706318e+02 1.041912656250000000e+05 8.912497520446777344e+00
1.223375869666342624e+02 1.041805859375000000e+05 8.912037849426269531e+00
1.223580214719986543e+02 1.041791718750000000e+05 8.912082672119140625e+00
1.223784559773557703e+02 1.041899921875000000e+05 8.912485122680664062e+00
1.223988905826045084e+02 1.041925781250000000e+05 8.912534713745117188e+00
1.224193249878517236e+02 1.041747421875000000e+05 8.911837577819824219e+00
1.224397594929760089e+02 1.041890703125000000e+05 8.912377357482910156e+00
1.224601940981083317e+02 1.041941796875000000e+05 8.912541389465332031e+00
1.224806285031227162e+02 1.042018593750000000e+05 8.912773132324218750e+00
1.225010630080141709e+02 1.041879062500000000e+05 8.910860061645507812e+00
1.225214974130285555e+02 1.041822578125000000e+05 8.909287452697753906e+00
1.225419320178116322e+02 1.041820859375000000e+05 8.912118911743164062e+00
1.225623665225866716e+02 1.041841328125000000e+05 8.912127494812011719e+00
1.225828010273689870e+02 1.041887500000000000e+05 8.909359931945800781e+00
1.226032355320348870e+02 1.041708828125000000e+05 8.908789634704589844e+00
1.226236700365770957e+02 1.041957656250000000e+05 8.909628868103027344e+00
1.226441045411265804e+02 1.042099453125000000e+05 8.910138130187988281e+00
1.226645389455588884e+02 1.041945859375000000e+05 8.909491539001464844e+00
1.226849735499854432e+02 1.041834609375000000e+05 8.909202575683593750e+00
1.227054080543020973e+02 1.041836015625000000e+05 8.909212112426757812e+00
1.227258424586179899e+02 1.042051171875000000e+05 8.909871101379394531e+00
1.227462770628117141e+02 1.041866093750000000e+05 8.909284591674804688e+00
1.227667115670119529e+02 1.041929609375000000e+05 8.909531593322753906e+00
1.227871459710950148e+02 1.041829687500000000e+05 8.909165382385253906e+00
1.228075804751715623e+02 1.041961640625000000e+05 8.909623146057128906e+00
1.228280150791397318e+02 1.041862656250000000e+05 8.909229278564453125e+00
1.228484495831071399e+02 1.041914062500000000e+05 8.909457206726074219e+00
1.228688840869508567e+02 1.041831171875000000e+05 8.909105300903320312e+00
1.228893185906854342e+02 1.041967187500000000e+05 8.909617424011230469e+00
1.229097530944200116e+02 1.041836875000000000e+05 8.909024238586425781e+00
1.229301875981473131e+02 1.041757187500000000e+05 8.908829689025878906e+00
1.229506220017647138e+02 1.041762968750000000e+05 8.908864021301269531e+00
1.229710566052672220e+02 1.041918828125000000e+05 8.909368515014648438e+00
1.229914911087616929e+02 1.041950468750000000e+05 8.909523963928222656e+00
1.230119255121462629e+02 1.041940625000000000e+05 8.909377098083496094e+00
1.230323601155323558e+02 1.041954609375000000e+05 8.909431457519531250e+00
1.230527946187939961e+02 1.041793750000000000e+05 8.908888816833496094e+00
1.230732291219464969e+02 1.041972109375000000e+05 8.909450531005859375e+00
1.230936635252146516e+02 1.041863828125000000e+05 8.909080505371093750e+00
1.231140981282442226e+02 1.041775156250000000e+05 8.908895492553710938e+00
1.231345326312803081e+02 1.041959765625000000e+05 8.909517288208007812e+00
1.231549670341992169e+02 1.041923046875000000e+05 8.909298896789550781e+00
1.231754016371123726e+02 1.041791718750000000e+05 8.908919334411621094e+00
1.231958361400320427e+02 1.041839140625000000e+05 8.909049034118652344e+00
1.232162705427181209e+02 1.041772500000000000e+05 8.908874511718750000e+00
1.232367050455213757e+02 1.041850859375000000e+05 8.909143447875976562e+00
1.232571396480852854e+02 1.042003750000000000e+05 8.909493446350097656e+00
1.232775740506549482e+02 1.042051406250000000e+05 8.909725189208984375e+00
1.232980085532180965e+02 nan nan
1.233184431556728669e+02 1.041887109375000000e+05 8.909284591674804688e+00
1.233388775580096990e+02 1.042093593750000000e+05 8.909842491149902344e+00
1.233593120603472926e+02 1.041784296875000000e+05 8.908951759338378906e+00
1.233797465626776102e+02 1.041823671875000000e+05 8.908989906311035156e+00
1.234001811647831346e+02 1.041852187500000000e+05 8.909006118774414062e+00
1.234206155669962754e+02 1.041957656250000000e+05 8.909451484680175781e+00
1.234410500689846231e+02 1.041769375000000000e+05 8.908818244934082031e+00
1.234614846709737321e+02 1.041895937500000000e+05 8.909234046936035156e+00
1.234819190729613183e+02 1.041963359375000000e+05 8.909392356872558594e+00
1.235023535748259746e+02 1.041959453125000000e+05 8.909476280212402344e+00
1.235227879765807302e+02 1.042009140625000000e+05 8.909535408020019531e+00
1.235432225783297326e+02 1.041846640625000000e+05 8.909068107604980469e+00
1.235636570799688343e+02 1.041918984375000000e+05 8.909258842468261719e+00
1.235840915816079360e+02 1.041846640625000000e+05 8.909076690673828125e+00
1.236045260831306223e+02 1.041840546875000000e+05 8.908971786499023438e+00
1.236249605846460327e+02 1.041807265625000000e+05 8.908892631530761719e+00
1.236453950860523037e+02 1.041621718750000000e+05 8.908193588256835938e+00
1.236658294873413979e+02 1.041914531250000000e+05 8.909269332885742188e+00
1.236862640886247391e+02 1.041970000000000000e+05 8.909395217895507812e+00
1.237066985897981795e+02 1.041787343750000000e+05 8.908865928649902344e+00
1.237271329909708584e+02 1.041897265625000000e+05 8.909217834472656250e+00
1.237475675920213689e+02 1.041800078125000000e+05 8.908905029296875000e+00
1.237680020930783940e+02 1.041935312500000000e+05 8.909420967102050781e+00
1.237884364940182422e+02 1.041961796875000000e+05 8.909512519836425781e+00
1.238088709948351607e+02 1.041691953125000000e+05 8.908492088317871094e+00
1.238293055956601165e+02 1.041853203125000000e+05 8.909013748168945312e+00
1.238497399963671342e+02 1.041875859375000000e+05 8.909198760986328125e+00
1.238701744970676373e+02 1.041797578125000000e+05 8.908943176269531250e+00
1.238906090976597625e+02 1.041891796875000000e+05 8.909129142761230469e+00
1.239110435981274350e+02 1.041669921875000000e+05 8.908390045166015625e+00
1.239314779986016219e+02 1.041949218750000000e+05 8.909302711486816406e+00
1.239519124990765704e+02 1.041563515625000000e+05 8.908024787902832031e+00
1.239723470993121737e+02 1.041567421875000000e+05 8.908023834228515625e+00
1.239927814995535300e+02 1.041811796875000000e+05 8.908995628356933594e+00
1.240132159997956478e+02 1.041868125000000000e+05 8.909105300903320312e+00
1.240336505999148358e+02 1.041757265625000000e+05 8.908729553222656250e+00
1.240540849999233615e+02 1.041831250000000000e+05 8.908893585205078125e+00
1.240745194999326486e+02 1.041610312500000000e+05 8.908349037170410156e+00
1.240949539998255204e+02 1.041771406250000000e+05 8.908746719360351562e+00
1.241153884997111163e+02 1.041692578125000000e+05 8.908533096313476562e+00
1.241358229994875728e+02 1.041808515625000000e+05 8.908791542053222656e+00
1.241562574992567534e+02 1.041510234375000000e+05 8.907797813415527344e+00
1.241766920989175560e+02 1.041839609375000000e+05 8.909018516540527344e+00
1.241971264984604204e+02 1.041713359375000000e+05 8.908493995666503906e+00
1.242175609978876309e+02 1.041768671875000000e+05 8.908762931823730469e+00
1.242379954974239809e+02 1.041873046875000000e+05 8.909055709838867188e+00
1.242584299967347761e+02 1.041895781250000000e+05 8.909213066101074219e+00
1.242788644960382953e+02 1.041876796875000000e+05 8.909171104431152344e+00
1.242992989952326752e+02 1.041812578125000000e+05 8.908900260925292969e+00
1.243197335944278166e+02 1.041757734375000000e+05 8.908359527587890625e+00
1.243401679935050197e+02 1.041795781250000000e+05 8.908180236816406250e+00
1.243606024925757083e+02 1.041799296875000000e+05 8.908196449279785156e+00
1.243810369914208422e+02 1.041794296875000000e+05 8.908832550048828125e+00
1.244014714903751155e+02 1.040820390625000000e+05 8.905488014221191406e+00
1.244219059891038341e+02 1.036196328125000000e+05 8.888616561889648438e+00
1.244423404879489681e+02 1.034862109375000000e+05 8.884078025817871094e+00
1.244627750865547569e+02 1.034541640625000000e+05 8.882986068725585938e+00
1.244832094851662987e+02 1.034129921875000000e+05 8.881530761718750000e+00
1.245036439836621867e+02 1.034055781250000000e+05 8.881291389465332031e+00
1.245240783821573132e+02 1.033923828125000000e+05 8.880788803100585938e+00
1.245445129805302713e+02 1.034341953125000000e+05 8.882184028625488281e+00
1.245649474787933286e+02 1.034865703125000000e+05 8.884073257446289062e+00
1.245853818770556245e+02 1.035713125000000000e+05 8.887130737304687500e+00
1.246058164753121673e+02 1.039797265625000000e+05 8.901263236999511719e+00
1.246262509733423940e+02 1.041764609375000000e+05 8.908376693725585938e+00
1.246466854713653447e+02 1.041725156250000000e+05 8.908209800720214844e+00
1.246671198693948099e+02 1.041639531250000000e+05 8.908068656921386719e+00
1.246875544671929674e+02 1.041720156250000000e+05 8.908604621887207031e+00
1.247079889651067788e+02 1.041715625000000000e+05 8.907930374145507812e+00
1.247284233627797221e+02 1.041944765625000000e+05 8.909393310546875000e+00
1.247488579604614642e+02 1.041809453125000000e+05 8.908221244812011719e+00
1.247692924581351690e+02 1.041571093750000000e+05 8.907820701599121094e+00
1.247897268555825576e+02 1.041829765625000000e+05 8.908396720886230469e+00
1.248101613530307077e+02 1.041764531250000000e+05 8.908921241760253906e+00
1.248305959504796192e+02 1.041794296875000000e+05 8.908517837524414062e+00
1.248510303478033165e+02 1.041766875000000000e+05 8.908489227294921875e+00
1.248714648450186360e+02 1.041813671875000000e+05 8.908251762390136719e+00
1.248918993421175401e+02 1.041762500000000000e+05 8.908331871032714844e+00
1.249123339392099297e+02 1.041828906250000000e+05 8.908557891845703125e+00
1.249327683363080723e+02 1.041854843750000000e+05 8.908325195312500000e+00
1.249532028331741458e+02 1.041921640625000000e+05 8.909341812133789062e+00
1.249736374301501201e+02 1.041842734375000000e+05 8.908279418945312500e+00
1.249940718268990167e+02 1.041741796875000000e+05 8.907896041870117188e+00
1.250145063236486749e+02 1.041776875000000000e+05 8.908126831054687500e+00
1.250349407202738803e+02 1.041656093750000000e+05 8.907567024230957031e+00
1.250553753169078846e+02 1.041636562500000000e+05 8.907608985900878906e+00
1.250758098134247120e+02 1.042100625000000000e+05 8.910723686218261719e+00
1.250962443098178483e+02 1.041806875000000000e+05 8.908135414123535156e+00
1.251166788062182604e+02 1.041918828125000000e+05 8.908582687377929688e+00
1.251371133025022573e+02 1.041655859375000000e+05 8.907622337341308594e+00
1.251575477986625629e+02 1.041736953125000000e+05 8.907824516296386719e+00
1.251779821948293829e+02 1.041789531250000000e+05 8.907950401306152344e+00
1.251984167908813106e+02 1.041838984375000000e+05 8.908239364624023438e+00
1.252188512869252008e+02 1.041705156250000000e+05 8.907759666442871094e+00
1.252392856828591903e+02 1.041634609375000000e+05 8.907503128051757812e+00
1.252597202786782873e+02 1.041805390625000000e+05 8.908106803894042969e+00
1.252801547744893469e+02 1.041708437500000000e+05 8.907697677612304688e+00
1.253005891701905057e+02 1.041741796875000000e+05 8.907855987548828125e+00
1.253210236657760106e+02 1.041799609375000000e+05 8.908121109008789062e+00
1.253414582613550010e+02 1.041846171875000000e+05 8.908260345458984375e+00
1.253618926568233292e+02 1.041754218750000000e+05 8.907927513122558594e+00
1.253823271521760034e+02 1.041845000000000000e+05 8.908180236816406250e+00
1.254027617475221632e+02 1.041739375000000000e+05 8.907833099365234375e+00
1.254231962427584222e+02 1.041751328125000000e+05 8.907798767089843750e+00
1.254436306379939197e+02 1.041702031250000000e+05 8.907652854919433594e+00
1.254640651331064873e+02 1.041561640625000000e+05 8.907207489013671875e+00
1.254844997281106771e+02 1.041709218750000000e+05 8.907765388488769531e+00
1.255049341231133440e+02 1.041740156250000000e+05 8.907855033874511719e+00
1.255253686179930810e+02 1.041768046875000000e+05 8.907976150512695312e+00
1.255458032127644401e+02 1.041624921875000000e+05 8.907410621643066406e+00
1.255662376075342763e+02 1.041474296875000000e+05 8.906906127929687500e+00
1.255866721021811827e+02 1.041619218750000000e+05 8.907380104064941406e+00
1.256071065967189497e+02 1.041578281250000000e+05 8.907320976257324219e+00
1.256275410912567168e+02 1.041717656250000000e+05 8.910071372985839844e+00
1.256479756856715539e+02 1.041533906250000000e+05 8.909339904785156250e+00
1.256684100799757289e+02 1.041577812500000000e+05 8.907313346862792969e+00
1.256888446742814267e+02 1.041577265625000000e+05 8.907280921936035156e+00
1.257092791684626718e+02 1.041670546875000000e+05 8.907649993896484375e+00
1.257297135625340161e+02 1.041575078125000000e+05 8.907190322875976562e+00
1.257501480566061218e+02 1.041608671875000000e+05 8.907299995422363281e+00
1.257705826505552977e+02 1.041685781250000000e+05 8.907474517822265625e+00
1.257910170443938114e+02 1.041734140625000000e+05 8.907717704772949219e+00
1.258114515382330865e+02 1.041579140625000000e+05 8.907282829284667969e+00
1.258318861319494317e+02 1.041726640625000000e+05 8.907711982727050781e+00
1.258523205256715300e+02 1.041709296875000000e+05 8.907631874084472656e+00
1.258727550191615592e+02 1.041644609375000000e+05 8.907430648803710938e+00
1.258931895126443123e+02 1.041604375000000000e+05 8.907374382019042969e+00
1.259136240061343415e+02 1.041604375000000000e+05 8.907294273376464844e+00
1.259340584995079553e+02 1.041623203125000000e+05 8.907396316528320312e+00
1.259544929927578778e+02 1.041662265625000000e+05 8.909720420837402344e+00
1.259749275858994224e+02 1.041636562500000000e+05 8.909572601318359375e+00
1.259953619790394441e+02 1.041513203125000000e+05 8.909160614013671875e+00
1.260157964720565360e+02 1.041559609375000000e+05 8.909385681152343750e+00
1.260362308649637271e+02 1.041794062500000000e+05 8.910139083862304688e+00
1.260566654578724410e+02 1.041773515625000000e+05 8.910080909729003906e+00
1.260770999506567023e+02 1.041555546875000000e+05 8.909330368041992188e+00
1.260975343434474780e+02 1.041632890625000000e+05 8.909667968750000000e+00
1.261179689361233613e+02 1.041622031250000000e+05 8.909755706787109375e+00
1.261384034286747919e+02 1.041725000000000000e+05 8.909955978393554688e+00
1.261588379211170832e+02 1.041459765625000000e+05 8.909108161926269531e+00
1.261792723135586130e+02 1.041562421875000000e+05 8.909392356872558594e+00
1.261997069058779744e+02 1.041400859375000000e+05 8.908880233764648438e+00
1.262201413980874349e+02 1.041729609375000000e+05 8.909974098205566406e+00
1.262405757902961341e+02 1.041618359375000000e+05 8.909616470336914062e+00
1.262610103823826648e+02 nan nan
1.262814448743592948e+02 1.041509375000000000e+05 8.909173011779785156e+00
1.263018792663351633e+02 1.041551328125000000e+05 8.909365653991699219e+00
1.263223137581881019e+02 1.041584062500000000e+05 8.909445762634277344e+00
1.263427483499326627e+02 1.041698593750000000e+05 8.909864425659179688e+00
1.263631827416757005e+02 1.041636875000000000e+05 8.909729957580566406e+00
1.263836172332958085e+02 1.041701953125000000e+05 8.909850120544433594e+00
1.264040518248075387e+02 1.041686640625000000e+05 8.909852981567382812e+00
1.264244863163185073e+02 1.041689296875000000e+05 8.909820556640625000e+00
1.264449207075886079e+02 1.041584062500000000e+05 8.909513473510742188e+00
1.264653551989831612e+02 1.041488515625000000e+05 8.909219741821289062e+00
1.264857897901456454e+02 1.041519062500000000e+05 8.909372329711914062e+00
1.265062241812993307e+02 1.041541015625000000e+05 8.909561157226562500e+00
1.265266586723446380e+02 1.041454765625000000e+05 8.909069061279296875e+00
1.265470930632727686e+02 1.041576093750000000e+05 8.909529685974121094e+00
1.265675276541951462e+02 1.041443750000000000e+05 8.909152030944824219e+00
1.265879621450076229e+02 1.041503593750000000e+05 8.909341812133789062e+00
1.266083966358200996e+02 1.041607656250000000e+05 8.909639358520507812e+00
1.266288311263924697e+02 1.041501640625000000e+05 8.909392356872558594e+00
1.266492656169721158e+02 1.041519453125000000e+05 8.909520149230957031e+00
1.266697001075517619e+02 1.041527265625000000e+05 8.909358024597167969e+00
1.266901344978978159e+02 1.041646796875000000e+05 8.909827232360839844e+00
1.267105690882381168e+02 1.041454921875000000e+05 8.909229278564453125e+00
1.267310035784685169e+02 1.041581796875000000e+05 8.909623146057128906e+00
1.267514379686908796e+02 1.041575468750000000e+05 8.909584045410156250e+00
1.267718725588056259e+02 1.041565312500000000e+05 8.909519195556640625e+00
1.267923070488031954e+02 1.041624765625000000e+05 8.909692764282226562e+00
1.268127414386835881e+02 1.041698593750000000e+05 8.910049438476562500e+00
1.268331759285574662e+02 1.041432421875000000e+05 8.909122467041015625e+00
1.268536105183229665e+02 1.041547968750000000e+05 8.909504890441894531e+00
1.268740449079632526e+02 1.041547656250000000e+05 8.909478187561035156e+00
1.268944793974951608e+02 1.041532421875000000e+05 8.909410476684570312e+00
1.269149139870278304e+02 1.041437734375000000e+05 8.909057617187500000e+00
1.269353484764360473e+02 1.041468593750000000e+05 8.909135818481445312e+00
1.269557828658507788e+02 1.041514609375000000e+05 8.909283638000488281e+00
1.269762173551498563e+02 1.041527968750000000e+05 8.909439086914062500e+00
1.269966519443260040e+02 1.041594062500000000e+05 8.909611701965332031e+00
1.270170864333922509e+02 1.041552031250000000e+05 8.909530639648437500e+00
1.270375208224577364e+02 1.041308359375000000e+05 8.908672332763671875e+00
1.270579554112846381e+02 1.041548984375000000e+05 8.909505844116210938e+00
1.270783899002344697e+02 1.041443593750000000e+05 8.909159660339355469e+00
1.270988242889507092e+02 1.041651718750000000e+05 8.909852027893066406e+00
1.271192587776604341e+02 1.041498125000000000e+05 8.909266471862792969e+00
1.271396933662617812e+02 1.041458671875000000e+05 8.909200668334960938e+00
1.271601278547459515e+02 1.041642109375000000e+05 8.909739494323730469e+00
1.271805622432220844e+02 1.041594296875000000e+05 8.909605979919433594e+00
1.272009968315906008e+02 1.041373359375000000e+05 8.908792495727539062e+00
1.272214313198419404e+02 1.041559765625000000e+05 8.909457206726074219e+00
1.272418657080852427e+02 1.041430859375000000e+05 8.909043312072753906e+00
1.272623001961037517e+02 1.041646796875000000e+05 8.909789085388183594e+00
1.272827347841230221e+02 1.041428359375000000e+05 8.909036636352539062e+00
1.273031691721334937e+02 1.041289375000000000e+05 8.908561706542968750e+00
1.273236036599191721e+02 1.041283359375000000e+05 8.908502578735351562e+00
1.273440382477056119e+02 1.041444531250000000e+05 8.909644126892089844e+00
1.273644726353668375e+02 1.041279453125000000e+05 8.908545494079589844e+00
1.273849071230361005e+02 1.041132968750000000e+05 8.908041000366210938e+00
1.274053416104725329e+02 1.041255390625000000e+05 8.908442497253417969e+00
1.274257760979016894e+02 1.041186875000000000e+05 8.908234596252441406e+00
1.274462105852217064e+02 1.041201875000000000e+05 8.908242225646972656e+00
1.274666450725417235e+02 1.041333046875000000e+05 8.908730506896972656e+00
1.274870796597388107e+02 1.041276015625000000e+05 8.908575057983398438e+00
1.275075140468252357e+02 1.041151953125000000e+05 8.908079147338867188e+00
1.275279485337960068e+02 1.041272890625000000e+05 8.908524513244628906e+00
1.275483829207660165e+02 1.041242421875000000e+05 8.908924102783203125e+00
1.275688175074974424e+02 1.041136718750000000e+05 8.908054351806640625e+00
1.275892519943517982e+02 1.041159453125000000e+05 8.908173561096191406e+00
1.276096864809660474e+02 1.041585703125000000e+05 8.914663314819335938e+00
1.276301209675875725e+02 1.041223593750000000e+05 8.908715248107910156e+00
1.276505554540926823e+02 1.041133593750000000e+05 8.908089637756347656e+00
1.276709899404741009e+02 1.041187265625000000e+05 8.908122062683105469e+00
1.276914243267456186e+02 1.041210312500000000e+05 8.908195495605468750e+00
1.277118589130186592e+02 1.040977421875000000e+05 8.907415390014648438e+00
1.277322933991672471e+02 1.041012421875000000e+05 8.907649993896484375e+00
1.277527277852059342e+02 1.040932187500000000e+05 8.907425880432128906e+00
1.277731622712453827e+02 1.040977109375000000e+05 8.907472610473632812e+00
1.277935968570454861e+02 1.041302421875000000e+05 8.908670425415039062e+00
1.278140312428513425e+02 1.041082734375000000e+05 8.907938003540039062e+00
1.278344657286579604e+02 1.041054765625000000e+05 8.907930374145507812e+00
1.278549003142252332e+02 1.041125390625000000e+05 8.908136367797851562e+00
1.278753346997982590e+02 1.040916406250000000e+05 8.907506942749023438e+00
1.278957691852556309e+02 1.041211953125000000e+05 8.908499717712402344e+00
1.279162036705965875e+02 1.040964218750000000e+05 8.907569885253906250e+00
1.279366381559302681e+02 1.041053984375000000e+05 8.907904624938964844e+00
1.279570726411548094e+02 1.040962968750000000e+05 8.907536506652832031e+00
1.279775071262556594e+02 1.040886640625000000e+05 8.907269477844238281e+00
1.279979417112481315e+02 1.040979375000000000e+05 8.907650947570800781e+00
1.280183760961226653e+02 1.041016953125000000e+05 8.907749176025390625e+00
1.280388105809979606e+02 1.040819296875000000e+05 8.907044410705566406e+00
1.280592449657488032e+02 1.040873984375000000e+05 8.907121658325195312e+00
1.280796795503920293e+02 1.041000859375000000e+05 8.907610893249511719e+00
1.281001140350272181e+02 1.040869140625000000e+05 8.907141685485839844e+00
1.281205485195532674e+02 1.041017968750000000e+05 8.907688140869140625e+00
1.281409830039629014e+02 1.040840000000000000e+05 8.906973838806152344e+00
1.281614174882561201e+02 1.040991250000000000e+05 8.907503128051757812e+00
1.281818519725420629e+02 1.040930078125000000e+05 8.907480239868164062e+00
1.282022863566016895e+02 1.040868828125000000e+05 8.907050132751464844e+00
1.282227209406555630e+02 1.040933671875000000e+05 8.907334327697753906e+00
1.282431554247159511e+02 1.041037421875000000e+05 8.907856941223144531e+00
1.282635898085427471e+02 1.040886328125000000e+05 8.907217979431152344e+00
1.282840243923710659e+02 1.041055546875000000e+05 8.907678604125976562e+00
1.283044588760749320e+02 1.040722265625000000e+05 8.906548500061035156e+00
1.283248932596688974e+02 1.040770781250000000e+05 8.906685829162597656e+00
1.283453278431406943e+02 nan nan
1.283657623266190058e+02 1.040909609375000000e+05 8.907255172729492188e+00
1.283861968099809019e+02 1.040868125000000000e+05 8.907004356384277344e+00
1.284066312932263827e+02 1.040955546875000000e+05 8.907262802124023438e+00
1.284270657763481722e+02 1.040834296875000000e+05 8.906786918640136719e+00
1.284475002594772377e+02 1.040900703125000000e+05 8.907090187072753906e+00
1.284679347424826119e+02 1.040774140625000000e+05 8.906918525695800781e+00
1.284883691253780853e+02 1.040755390625000000e+05 8.906653404235839844e+00
1.285088037081586663e+02 1.040849296875000000e+05 8.907546997070312500e+00
1.285292381908220705e+02 1.040763671875000000e+05 8.906606674194335938e+00
1.285496725734774373e+02 1.040665546875000000e+05 8.906223297119140625e+00
1.285701071560251876e+02 1.040981250000000000e+05 8.907360076904296875e+00
1.285905416384484852e+02 1.040760156250000000e+05 8.906550407409667969e+00
1.286109760208782973e+02 1.040648203125000000e+05 8.907489776611328125e+00
1.286314105030760402e+02 1.040854453125000000e+05 8.908144950866699219e+00
1.286518450852745445e+02 1.040774687500000000e+05 8.907895088195800781e+00
1.286722795673485962e+02 1.040630390625000000e+05 8.906089782714843750e+00
1.286927139494291623e+02 1.040903750000000000e+05 8.908309936523437500e+00
1.287131485312711447e+02 1.040746562500000000e+05 8.907716751098632812e+00
1.287335830131196417e+02 1.040843750000000000e+05 8.906865119934082031e+00
1.287540173948509619e+02 1.040893515625000000e+05 8.908291816711425781e+00
1.287744518764666282e+02 1.041200312500000000e+05 8.910504341125488281e+00
1.287948864580757800e+02 nan nan
1.288153208394578542e+02 1.040747968750000000e+05 8.907999992370605469e+00
1.288357553208334139e+02 1.040800312500000000e+05 8.907249450683593750e+00
1.288561898020998342e+02 1.040736953125000000e+05 8.906460762023925781e+00
1.288766242832498392e+02 1.040839921875000000e+05 8.906874656677246094e+00
1.288970587643998442e+02 1.040810546875000000e+05 8.906733512878417969e+00
1.289174932453097426e+02 1.040743593750000000e+05 8.907620429992675781e+00
1.289379277262269170e+02 1.040752656250000000e+05 8.907606124877929688e+00
1.289583622071368154e+02 1.040681093750000000e+05 8.907469749450683594e+00
1.289787966878211591e+02 1.040610625000000000e+05 8.907321929931640625e+00
1.289992310683883261e+02 1.041017109375000000e+05 8.908638954162597656e+00
1.290196656489570159e+02 1.040714375000000000e+05 8.907698631286621094e+00
1.290401001294012531e+02 1.040854531250000000e+05 8.908092498779296875e+00
1.290605345097355894e+02 1.040753125000000000e+05 8.907731056213378906e+00
1.290809690900641726e+02 1.040747421875000000e+05 8.907710075378417969e+00
1.291014035701664397e+02 1.041022812500000000e+05 8.908725738525390625e+00
1.291218380502687069e+02 1.040818750000000000e+05 8.908007621765136719e+00
1.291422724302537972e+02 1.040715468750000000e+05 8.907482147216796875e+00
1.291627070101167192e+02 1.040612187500000000e+05 8.907291412353515625e+00
1.291831414898697403e+02 1.040629609375000000e+05 8.907321929931640625e+00
1.292035758696220000e+02 1.040796953125000000e+05 8.907918930053710938e+00
1.292240104492520913e+02 1.040678750000000000e+05 8.907574653625488281e+00
1.292444449287722819e+02 1.040706875000000000e+05 8.907544136047363281e+00
1.292648793081752956e+02 1.040638906250000000e+05 8.907295227050781250e+00
1.292853137875717948e+02 1.039896328125000000e+05 8.904779434204101562e+00
1.293057483667435008e+02 1.035318359375000000e+05 8.885953903198242188e+00
1.293261827459136839e+02 1.033755625000000000e+05 8.880420684814453125e+00
1.293466172249609372e+02 1.033351328125000000e+05 8.877788543701171875e+00
1.293670518038998125e+02 1.032867656250000000e+05 8.877401351928710938e+00
1.293874861827207496e+02 1.032923828125000000e+05 8.877507209777832031e+00
1.294079206615351723e+02 1.033026796875000000e+05 8.877853393554687500e+00
1.294283551402404555e+02 1.033160468750000000e+05 8.878376007080078125e+00
1.294487897188228089e+02 1.033711093750000000e+05 8.880261421203613281e+00
1.294692240972945001e+02 1.034385078125000000e+05 8.882596969604492188e+00
1.294896585756505374e+02 1.038319609375000000e+05 8.896798133850097656e+00
1.295100931540073361e+02 1.040150390625000000e+05 8.907066345214843750e+00
1.295305275321225054e+02 1.040602421875000000e+05 8.907369613647460938e+00
1.295509620102457120e+02 1.040839765625000000e+05 8.908028602600097656e+00
1.295713964882525033e+02 1.040745703125000000e+05 8.907759666442871094e+00
1.295918309662520187e+02 1.040728046875000000e+05 8.907606124877929688e+00
1.296122654440259794e+02 1.040730234375000000e+05 8.907690048217773438e+00
1.296326999217999401e+02 1.040532421875000000e+05 8.906930923461914062e+00
1.296531343994502095e+02 1.040632265625000000e+05 8.907292366027832031e+00
1.296735688768749242e+02 1.040693593750000000e+05 8.907493591308593750e+00
1.296940033544160542e+02 1.040686484375000000e+05 8.907526016235351562e+00
1.297144378317170776e+02 1.040710546875000000e+05 8.907529830932617188e+00
1.297348723090253770e+02 1.040859375000000000e+05 8.908061981201171875e+00
1.297553067861008458e+02 1.040338046875000000e+05 8.906306266784667969e+00
1.297757412631690386e+02 1.040770078125000000e+05 8.907639503479003906e+00
1.297961758401288535e+02 1.040683046875000000e+05 8.907325744628906250e+00
1.298166102170871454e+02 1.040608671875000000e+05 8.907214164733886719e+00
1.298370446938060923e+02 1.040474296875000000e+05 8.906764030456542969e+00
1.298574791705323150e+02 1.040593984375000000e+05 8.907097816467285156e+00
1.298779136470257072e+02 1.040614062500000000e+05 8.907193183898925781e+00
1.298983481235118234e+02 1.040680781250000000e+05 8.907375335693359375e+00
1.299187826000052155e+02 1.040698750000000000e+05 8.907502174377441406e+00
1.299392170762657770e+02 1.040627578125000000e+05 8.907313346862792969e+00
1.299596515524026472e+02 1.040568125000000000e+05 8.907003402709960938e+00
1.299800860285467934e+02 1.040776875000000000e+05 8.907729148864746094e+00
1.300005204045737628e+02 1.040546562500000000e+05 8.907005310058593750e+00
1.300209549804785638e+02 1.040528984375000000e+05 8.906942367553710938e+00
1.300413894562734640e+02 1.040392265625000000e+05 8.906403541564941406e+00
1.300618238319511875e+02 1.040455156250000000e+05 8.906645774841308594e+00
1.300822583076223964e+02 1.040643359375000000e+05 8.907313346862792969e+00
1.301026928830688121e+02 1.040548203125000000e+05 8.906943321228027344e+00
1.301231272585137049e+02 1.040674140625000000e+05 8.907288551330566406e+00
1.301435617338356678e+02 1.040571171875000000e+05 8.907047271728515625e+00
1.301639963090492529e+02 1.040702031250000000e+05 8.907430648803710938e+00
1.301844307842620765e+02 1.040588828125000000e+05 8.906991004943847656e+00
1.302048651592340320e+02 1.040623515625000000e+05 8.907099723815917969e+00
1.302252996342140250e+02 1.040757265625000000e+05 8.907610893249511719e+00
1.302457342089619488e+02 1.040754843750000000e+05 8.907639503479003906e+00
